from numpy import array

try:
    import cPickle as pickle

except: #workaround for python3.X
    import _pickle as pickle


from mpmath import mpf 

parser = None

scaler = 'ThermodynamicScaler'

thermodynamics = 'ThermoCorrections'

solver = 'SteadyStateSolver'

mapper = 'MinResidMapper'

binary_data = pickle.load(open("pkl_files/data_-0.1.pkl","rb"))

locals().update(binary_data)

A_uc = None

Upzc = 0.0

adsorbate_interaction_model = 'ideal'

adsorbate_interactions = None

adsorbate_names = ('CO2_a', 'COOH_a', 'CO_a', 'H_h')

adsorbate_thermo_mode = 'frozen_adsorbate'

analytical_jacobian = True

atomic_reservoir_dict = {'O': 'OH_g', 'C': 'HCOO_g', 'H': 'H2_g'}

atomic_reservoir_list = [{'O': 'CO2_g', 'C': 'CO_g', 'H': 'H2O_g'}, {'O': 'CO2_g', 'C': 'CO_g', 'H': 'H2_g'}, {'O': 'CO2_g', 'C': 'CO_g', 'H': 'HCOO_g'}, {'O': 'CO2_g', 'C': 'CO_g', 'H': 'OH_g'}, {'O': 'CO2_g', 'C': 'HCOO_g', 'H': 'H2O_g'}, {'O': 'CO2_g', 'C': 'HCOO_g', 'H': 'OH_g'}, {'O': 'CO_g', 'C': 'HCOO_g', 'H': 'H2O_g'}, {'O': 'CO_g', 'C': 'HCOO_g', 'H': 'H2_g'}, {'O': 'H2O_g', 'C': 'CO2_g', 'H': 'H2_g'}, {'O': 'H2O_g', 'C': 'CO2_g', 'H': 'OH_g'}, {'O': 'H2O_g', 'C': 'CO_g', 'H': 'H2_g'}, {'O': 'H2O_g', 'C': 'CO_g', 'H': 'OH_g'}, {'O': 'H2O_g', 'C': 'HCOO_g', 'H': 'H2_g'}, {'O': 'H2O_g', 'C': 'HCOO_g', 'H': 'OH_g'}, {'O': 'OH_g', 'C': 'CO2_g', 'H': 'H2_g'}, {'O': 'OH_g', 'C': 'CO_g', 'H': 'H2_g'}, {'O': 'OH_g', 'C': 'HCOO_g', 'H': 'H2_g'}]

atoms_dict = {}

beta = 0.0

coverage_headers = ['coverage', 'coadsorbate_coverage']

data_file = 'pkl_files/data_-0.1.pkl'

decimal_precision = 200

descriptor_decimal_precision = 2

descriptor_names = ('voltage', 'pH')

descriptor_ranges = [[-1.2, -0.58], [6.8, 8.0]]

echem_transition_state_names = []

electrochemical_thermo_mode = 'surface_charge_density'

elementary_rxns = ([['CO_a'], ['CO_g', 'a']], [['CO2_g', 'H_h', 'ele_g'], ['CO2-H-ele_h'], ['HCOO_g', 'h']], [['H2O_g', 'ele_g', 'h'], ['H_h', 'OH_g']], [['CO2_g', 'a'], ['CO2_a']], [['CO2_a', 'H2O_g', 'ele_g'], ['COOH_a', 'OH_g']], [['COOH_a', 'ele_g'], ['CO_a', 'OH_g']], [['H2_g'], ['H2_g']])

estimate_frequencies = True

extrapolate_coverages = False

extrapolated_potential = 0.0

fixed_entropy_dict = {'H2_g': 0.00135, 'other': 0.002}

force_recalculation = True

force_recompilation = False

frequency_dict = {'H2O_g': [], 'H2_g': [], 'CO_g': [], 'CO2_g': [], 'HCOO_g': [], 'a': [], 'h': [], 'CO_a': [], 'H_h': [], 'COOH_a': [], 'CO2_a': [], 'CO2-H-ele_h': [], 'OH_g': [], 'ele_g': [], 'g': [], '*_g': [], '*_a': [], '*_h': []}

frequency_surface_names = []

frequency_unit_conversion = 0.0001239842

gas_names = ('CO2_g', 'CO_g', 'H2O_g', 'H2_g', 'HCOO_g', 'OH_g', 'ele_g')

gas_pressures = [1, 1, 0.1, 1, 0.1, 1.0, 1.0]

gas_thermo_mode = 'frozen_gas'

hbond_dict = {'COOH': -0.25, 'OCHO': 0.0, 'CO': -0.1, 'CHO': -0.1, 'CH2O': 0.0, 'CO2': 0.0, 'OCH3': 0.0, 'O': 0.0, 'OH': -0.5, 'H': 0.0, 'COH': -0.25, 'C': 0.0, 'CH': 0.0, 'CH2': 0.0, 'CH3': 0.0, 'CHOH': -0.25, 'COHOH': -0.25, 'OCH2O': 0.0, 'CH2OH': -0.25, 'OCHCH2': 0.0, 'OCHCHO': 0.0}

hindered_ads_params = {}

ideal_gas_params = {'H2_g': [2, 'linear', 0], 'N2_g': [2, 'linear', 0], 'O2_g': [2, 'linear', 1.0], 'H2O_g': [2, 'nonlinear', 0], 'CO_g': [1, 'linear', 0], 'CH4_g': [12, 'nonlinear', 0], 'NH3_g': [3, 'nonlinear', 0], 'N2O_g': [2, 'nonlinear', 0], 'NH2OH_g': [1, 'nonlinear', 0], 'NO_g': [2, 'linear', 0], 'CH3OH_g': [1, 'nonlinear', 0], 'CH4O2_g': [2, 'nonlinear', 0], 'CH3CH2OH_g': [1, 'nonlinear', 0], 'CO2_g': [2, 'linear', 0], 'CH2O_g': [2, 'nonlinear', 0], 'HCOOH_g': [1, 'nonlinear', 0], 'CH2CH2_g': [4, 'nonlinear', 0], 'CH3CHCH2_g': [1, 'nonlinear', 0], 'CH3CH2CHCH2_g': [1, 'nonlinear', 0], 'CH3CHCHCH3_g': [2, 'nonlinear', 0], 'CH3CH3CCH2_g': [2, 'nonlinear', 0], 'pe_g': [2, 'linear', 0], 'C2H2_g': [2, 'linear', 0], 'C2H4_g': [4, 'nonlinear', 0], 'C2H6_g': [6, 'nonlinear', 0], 'C3H6_g': [1, 'nonlinear', 0], 'CH3COOH_g': [1, 'nonlinear', 0], 'CH3CHO_g': [1, 'nonlinear', 0], 'C5H4O2_g': [1, 'nonlinear', 0], 'C5H6O2_g': [1, 'nonlinear', 0], 'C5H6O_g': [1, 'nonlinear', 0], 'HCl_g': [1, 'linear', 0], 'Cl2_g': [2, 'linear', 0]}

input_file = 'energy_input/input_freEn_-0.1.txt'

interaction_fitting_mode = None

interaction_surface_names = None

internally_constrain_coverages = True

kBT = mpf('0.0256796507844399999999999999999999999999999999999999999999999999999999999999999999999999999999999999999999999999999999999999999999999999999999999999999999999999999999999999999999999999999999999999999999999999999999999999999999997')

max_bisections = 3

max_initial_guesses = 3

max_rootfinding_iterations = 200

model_name = 'model'

numerical_representation = 'mpmath'

optimize_analytical_expressions = False

output_labels = {'coverage': ('CO2_a', 'COOH_a', 'CO_a', 'H_h'), 'rate': ([['CO_a'], ['CO_g', 'a']], [['CO2_g', 'H_h', 'ele_g'], ['CO2-H-ele_h'], ['HCOO_g', 'h']], [['H2O_g', 'ele_g', 'h'], ['H_h', 'OH_g']], [['CO2_g', 'a'], ['CO2_a']], [['CO2_a', 'H2O_g', 'ele_g'], ['COOH_a', 'OH_g']], [['COOH_a', 'ele_g'], ['CO_a', 'OH_g']], [['H2_g'], ['H2_g']]), 'production_rate': ('CO2_g', 'CO_g', 'H2O_g', 'H2_g', 'HCOO_g', 'OH_g', 'ele_g'), 'free_energy': ('CO2_g', 'CO_g', 'H2O_g', 'H2_g', 'HCOO_g', 'OH_g', 'ele_g', 'CO2_a', 'COOH_a', 'CO_a', 'H_h', 'CO2-H-ele_h')}

output_variables = ['coverage', 'rate', 'rate', 'production_rate', 'coverage', 'free_energy']

pH = 6.8

parameter_mode = 'formation_energy'

parameter_names = ('CO2_a', 'COOH_a', 'CO_a', 'H_h', 'CO2-H-ele_h')

parse_headers = ['formation_energy', 'frequencies']

perturbation_size = 1e-14

potential_reference_scale = 'SHE'

prefactor_list = ['10000000000000.0', '10000000000000.0', '10000000000000.0', '10000000000000.0', '10000000000000.0', '10000000000000.0', '10000000000000.0']

pressure = 1.0

pressure_mode = 'static'

required_headers = ['species_name', 'surface_name', 'site_name', 'formation_energy', 'frequencies', 'reference']

residual_threshold = 0.9

resolution = [80, 1]

rxn_expressions = ['CO_a <->  CO_g + *_a', 'CO2_g + H_h + ele_g   <-> CO2-H-ele_h <-> HCOO_g + *_h', 'H2O_g + ele_g + *_h  <-> H_h + OH_g', 'CO2_g + *_a <-> CO2_a', 'CO2_a + H2O_g + ele_g  <-> COOH_a + OH_g', 'COOH_a + ele_g <-> CO_a + OH_g', 'H2_g <-> H2_g']

rxn_mechanisms = {'HCOO': [2, 3], 'CO': [4, 5, 6, 1]}

rxn_options_dict = {'prefactor': {}, 'beta': {}}

search_directions = [[0, 0], [0, 1], [1, 0], [0, -1], [-1, 0], [-1, 1], [1, 1], [1, -1], [-1, -1]]

setup_file = 'model.mkm'

shomate_params = {'H2_g:298-1000': [33.066178, -11.363417, 11.432816, -2.772874, -0.158558, -9.980797, 172.707974, 0], 'H2_g:1000-2500': [18.563083, 12.257357, -2.859786, 0.268238, 1.97799, -1.147438, 156.288133, 0], 'H2_g:2500-6000': [43.41356, -4.293079, 1.272428, -0.096876, -20.533862, -38.515158, 162.081354, 0], 'CH4_g:298-1300': [-0.703029, 108.4773, -42.52157, 5.862788, 0.678565, -76.84376, 158.7163, -74.8731], 'CH4_g:1300-1600': [85.81217, 11.26467, -2.114146, 0.13819, -26.42221, -153.5327, 224.4143, -74.8731], 'CO_g:298-1300': [25.56759, 6.09613, 4.054656, -2.671201, 0.131021, -118.0089, 227.3665, -110.5271], 'CO_g:1300-1600': [35.1507, 1.300095, -0.205921, 0.01355, -3.28278, -127.8375, 231.712, -110.5271], 'H2O_g:100-500': [36.303952, -24.11232, 63.64111, -38.9524, -0.01385, -10.23966, 237.39431, 0.0], 'H2O_g:500-1700': [30.092, 6.832514, 6.793435, -2.53448, 0.082139, -250.881, 223.3967, -241.8264], 'H2O_g:1700-6000': [41.96426, 8.622053, -1.49978, 0.098119, -11.15764, -272.1797, 219.7809, -241.8264], 'CO2_g:298-1200': [24.99735, 55.18696, -33.69137, 7.948387, -0.136638, -403.6075, 228.2431, -393.5224], 'CO2_g:1200-6000': [58.16639, 2.720075, -0.492289, 0.038844, -6.447293, -425.9186, 263.6125, -393.5224], 'O2_g:100-700': [31.32234, -20.23531, 57.8664, -36.50624, -0.007374, -8.903471, 246.7945, 0.0], 'O2_g:700-2000': [30.03235, 8.772972, -3.988133, 0.788313, -0.741599, -11.32468, 236.1663, 0.0], 'O2_g:2000-6000': [20.91111, 10.72071, -2.020498, 0.146449, 9.245722, 5.337651, 237.6185, 0.0], 'NH3_g:298-1400': [19.99563, 49.77119, -15.37599, 1.921168, 0.189174, -53.30667, 203.8591, -45.89806], 'N2_g:100-500': [28.98641, 1.853978, -9.647459, 16.63537, 0.000117, -8.671914, 226.4168, 0.0], 'N2_g:500-2000': [19.50583, 19.88705, -8.598535, 1.369784, 0.527601, -4.935202, 212.39, 0.0], 'N2O_g:298-1400': [27.67988, 51.14898, -30.64454, 6.847911, -0.157906, 71.24934, 238.6164, 82.04824], 'NO2_g:298-1200': [16.10857, 75.89525, -54.3874, 14.30777, 0.239423, 26.17464, 240.5386, 33.09502], 'NO_g:298-1200': [23.83491, 12.58878, -1.139011, -1.497459, 0.214194, 83.35783, 237.1219, 90.29114], 'NO3_g:298-1200': [11.22316, 166.3889, -148.4458, 47.40598, -0.176791, 61.00858, 221.7679, 71.128], 'HNO2_g:298-1200': [24.89974, 91.37563, -64.84614, 17.92007, -0.134737, -88.13596, 254.2671, -76.73498], 'HNO3_g:298-1200': [19.63229, 153.9599, -115.8378, 32.87955, -0.249114, -146.8818, 247.7049, -134.306], 'HCN_g:298-1200': [32.69373, 22.59205, -4.369142, -0.407697, -0.282399, 123.4811, 233.2597, 135.1432], 'CH2CH2_g:298-1200': [-6.38788, 184.4019, -112.9718, 28.49593, 0.31554, 48.17332, 163.1568, 52.46694], 'CH2O_g:298-1500': [5.193767, 93.23249, -44.85457, 7.882279, 0.551175, -119.3591, 202.4663, -115.8972], 'CH3OH_g:298-1500': [-1.0845814245433651, 153.2463565199489, -79.53050359618254, 16.47130239316011, 0.5220334601533215, -4.897417024069, 199.1893745506112, 0.0], 'C5H4O2_g:100-1500': [-16.36694, 0.46958, -0.000331925, 8.50912e-08, 198590.9145, -1661.34999, -15.68938, 12461.34999], 'C5H6O2_g:100-1500': [-18.57626, 0.50733, -0.000335824, 8.28263e-08, 231619.2141, -6357.53523, 2.75692, 7057.53523], 'C5H6O_g:50-1500': [1.26847, 0.35388, -0.000173962, 2.87427e-08, 48401.71207, -5691.94893, -85.38991, 7191.94893], 'Cl2_g:298-1000': [33.0506, 12.2294, -12.0651, 4.38533, -0.159494, -10.8348, 259.029, 0.0], 'HCl_g:298-1200': [32.12392, -13.45805, 19.86852, -6.853936, -0.049672, -101.6206, 228.6866, -92.31201], 'CH3CH2OH_g:298-1500': [-4.7367880805894265, 271.96181550301463, -169.34946529216657, 43.73860153608533, 0.24643430702178773, -9.828280829187861, 203.3325622617075, 0.0], 'CH3CHO_g:298-1500': [4.8037386340099095, 185.92002366990326, -99.1084610902012, 20.61473919069016, 0.2770802548558646, -8.566600040790945, 220.00244674443837, 0.0], 'HCOOH_g:298-1500': [3.802752304225226, 153.66217894746168, -84.64046773816926, 16.297377707561505, 0.2772064997263338, -6.16527, 212.9698972559699, 0]}

sigma_input = ['CH', 1]

site_names = ('g', 'a', 'h')

species_definitions = {'H2O_g': {'name': 'H2O', 'site': 'g', 'type': 'gas', 'n_sites': 0, 'composition': {'H': 2, 'O': 1}, 'pressure': 0.1, 'formation_energy': 0.0, 'formation_energy_source': 'GK_calc', 'frequencies': []}, 'H2_g': {'name': 'H2', 'site': 'g', 'type': 'gas', 'n_sites': 0, 'composition': {'H': 2}, 'pressure': 1, 'formation_energy': 0.0, 'formation_energy_source': 'GK calc', 'frequencies': []}, 'CO_g': {'name': 'CO', 'site': 'g', 'type': 'gas', 'n_sites': 0, 'composition': {'O': 1, 'C': 1}, 'pressure': 1, 'formation_energy': 0.3, 'formation_energy_source': 'GK calc', 'frequencies': []}, 'CO2_g': {'name': 'CO2', 'site': 'g', 'type': 'gas', 'n_sites': 0, 'composition': {'O': 2, 'C': 1}, 'pressure': 1, 'formation_energy': 0.0, 'formation_energy_source': 'GK calc', 'frequencies': []}, 'HCOO_g': {'name': 'HCOO', 'site': 'g', 'type': 'gas', 'n_sites': 0, 'composition': {'H': 1, 'O': 2, 'C': 1}, 'pressure': 0.1, 'formation_energy': 0.236, 'formation_energy_source': 'GK_calc', 'frequencies': []}, 'a': {'name': 'a', 'site': 'a', 'type': 'site', 'formation_energy': 0, 'n_sites': 1, 'composition': {}, 'site_names': ['111'], 'total': 1.0, 'frequencies': []}, 'h': {'name': 'h', 'site': 'h', 'type': 'site', 'formation_energy': 0, 'n_sites': 1, 'composition': {}, 'site_names': ['hollow'], 'total': 1.0, 'frequencies': []}, 'CO_a': {'name': 'CO', 'site': 'a', 'type': 'adsorbate', 'n_sites': 1, 'composition': {'O': 1, 'C': 1}, 'sigma_params': [-0.062079977, 0.0], 'formation_energy': [0.727477], 'formation_energy_source': ['beta=(-0.062079977284048196, 0.6528825921468864)'], 'frequencies': []}, 'H_h': {'name': 'H', 'site': 'h', 'type': 'adsorbate', 'n_sites': 1, 'composition': {'H': 1}, 'formation_energy': [0.186927], 'formation_energy_source': ['beta=(0.00446946722444617, -0.2065923419069123)'], 'frequencies': []}, 'COOH_a': {'name': 'COOH', 'site': 'a', 'type': 'adsorbate', 'n_sites': 1, 'composition': {'H': 1, 'O': 2, 'C': 1}, 'sigma_params': [0.12944862, 0.0], 'formation_energy': [1.248965], 'formation_energy_source': ['beta=(0.13967318321800026, -0.20017470615545377)'], 'frequencies': []}, 'CO2_a': {'name': 'CO2', 'site': 'a', 'type': 'adsorbate', 'n_sites': 1, 'composition': {'O': 2, 'C': 1}, 'sigma_params': [0.38207784, 0.0], 'formation_energy': [0.724409], 'formation_energy_source': ['beta=(0.3626002105338924, -1.3608493911199981)'], 'frequencies': []}, 'CO2-H-ele_h': {'name': 'CO2-H-ele', 'site': 'h', 'type': 'transition_state', 'n_sites': 1, 'composition': {'H': 1, 'O': 2, 'C': 1}, 'sigma_params': [0.19950782, 0.0], 'formation_energy': [1.060271], 'formation_energy_source': ['beta=(0.19950782371280606, -0.3444507688126851) CO$_{2(g)}$_to_HCOO$^-_{(aq)}$_base 16.0'], 'frequencies': []}, 'OH_g': {'name': 'OH', 'site': 'g', 'type': 'gas', 'n_sites': 0, 'composition': {'H': 1, 'O': 1}, 'frequencies': [], 'formation_energy_source': 'Generated by CatMAP', 'formation_energy': 0.0, 'pressure': 1.0}, 'ele_g': {'name': 'ele', 'site': 'g', 'type': 'gas', 'n_sites': 0, 'composition': {}, 'frequencies': [], 'formation_energy_source': 'Generated by CatMAP', 'formation_energy': 0.0, 'pressure': 1.0}, 'g': {'name': 'g', 'site': 'g', 'type': 'site', 'formation_energy': 0, 'n_sites': 0, 'site_names': ['gas'], 'total': 0, 'composition': {}, 'frequencies': []}, '*_g': {'name': 'g', 'site': 'g', 'type': 'site', 'formation_energy': 0, 'n_sites': 0, 'site_names': ['gas'], 'total': 0, 'composition': {}, 'frequencies': []}, '*_a': {'name': 'a', 'site': 'a', 'type': 'site', 'formation_energy': 0, 'n_sites': 1, 'composition': {}, 'site_names': ['111'], 'total': 1.0, 'frequencies': []}, '*_h': {'name': 'h', 'site': 'h', 'type': 'site', 'formation_energy': 0, 'n_sites': 1, 'composition': {}, 'site_names': ['hollow'], 'total': 1.0, 'frequencies': []}}

standard_coadsorbate_coverage = 'min'

standard_coverage = 'min'

surface_names = ('Cu',)

temperature = 298

thermodynamic_corrections = ['gas', 'adsorbate', 'electrochemical']

thermodynamic_variables = ['temperature', 'gas_pressures', 'voltage', 'beta', 'pH', 'Upzc', 'gas_thermo_mode', 'adsorbate_thermo_mode']

tolerance = 1e-60

transition_state_names = ('CO2-H-ele_h',)

verbose = 1

voltage = -1.1843037974683543

voltage_diff_drop = 0.0

stdout = """initial_evaluation: success - initial guess at point [-0.58, 6.80]
initial_evaluation: success - initial guess at point [-0.59, 6.80]
initial_evaluation: success - initial guess at point [-0.60, 6.80]
initial_evaluation: success - initial guess at point [-0.60, 6.80]
initial_evaluation: success - initial guess at point [-0.61, 6.80]
initial_evaluation: success - initial guess at point [-0.62, 6.80]
initial_evaluation: success - initial guess at point [-0.63, 6.80]
initial_evaluation: success - initial guess at point [-0.63, 6.80]
initial_evaluation: success - initial guess at point [-0.64, 6.80]
initial_evaluation: success - initial guess at point [-0.65, 6.80]
initial_evaluation: success - initial guess at point [-0.66, 6.80]
initial_evaluation: success - initial guess at point [-0.67, 6.80]
initial_evaluation: success - initial guess at point [-0.67, 6.80]
initial_evaluation: success - initial guess at point [-0.68, 6.80]
initial_evaluation: success - initial guess at point [-0.69, 6.80]
initial_evaluation: success - initial guess at point [-0.70, 6.80]
initial_evaluation: success - initial guess at point [-0.71, 6.80]
initial_evaluation: success - initial guess at point [-0.71, 6.80]
initial_evaluation: success - initial guess at point [-0.72, 6.80]
initial_evaluation: success - initial guess at point [-0.73, 6.80]
initial_evaluation: success - initial guess at point [-0.74, 6.80]
initial_evaluation: success - initial guess at point [-0.74, 6.80]
initial_evaluation: success - initial guess at point [-0.75, 6.80]
initial_evaluation: success - initial guess at point [-0.76, 6.80]
initial_evaluation: success - initial guess at point [-0.77, 6.80]
initial_evaluation: success - initial guess at point [-0.78, 6.80]
initial_evaluation: success - initial guess at point [-0.78, 6.80]
initial_evaluation: success - initial guess at point [-0.79, 6.80]
initial_evaluation: success - initial guess at point [-0.80, 6.80]
initial_evaluation: success - initial guess at point [-0.81, 6.80]
initial_evaluation: success - initial guess at point [-0.82, 6.80]
initial_evaluation: success - initial guess at point [-0.82, 6.80]
initial_evaluation: success - initial guess at point [-0.83, 6.80]
initial_evaluation: success - initial guess at point [-0.84, 6.80]
initial_evaluation: success - initial guess at point [-0.85, 6.80]
initial_evaluation: success - initial guess at point [-0.85, 6.80]
initial_evaluation: success - initial guess at point [-0.86, 6.80]
initial_evaluation: success - initial guess at point [-0.87, 6.80]
initial_evaluation: success - initial guess at point [-0.88, 6.80]
initial_evaluation: success - initial guess at point [-0.89, 6.80]
initial_evaluation: success - initial guess at point [-0.89, 6.80]
initial_evaluation: success - initial guess at point [-0.90, 6.80]
initial_evaluation: success - initial guess at point [-0.91, 6.80]
initial_evaluation: success - initial guess at point [-0.92, 6.80]
initial_evaluation: success - initial guess at point [-0.93, 6.80]
initial_evaluation: success - initial guess at point [-0.93, 6.80]
initial_evaluation: success - initial guess at point [-0.94, 6.80]
initial_evaluation: success - initial guess at point [-0.95, 6.80]
initial_evaluation: success - initial guess at point [-0.96, 6.80]
initial_evaluation: success - initial guess at point [-0.96, 6.80]
initial_evaluation: success - initial guess at point [-0.97, 6.80]
initial_evaluation: success - initial guess at point [-0.98, 6.80]
initial_evaluation: success - initial guess at point [-0.99, 6.80]
initial_evaluation: success - initial guess at point [-1.00, 6.80]
initial_evaluation: success - initial guess at point [-1.00, 6.80]
initial_evaluation: success - initial guess at point [-1.01, 6.80]
initial_evaluation: success - initial guess at point [-1.02, 6.80]
initial_evaluation: success - initial guess at point [-1.03, 6.80]
initial_evaluation: success - initial guess at point [-1.04, 6.80]
initial_evaluation: success - initial guess at point [-1.04, 6.80]
initial_evaluation: success - initial guess at point [-1.05, 6.80]
initial_evaluation: success - initial guess at point [-1.06, 6.80]
initial_evaluation: success - initial guess at point [-1.07, 6.80]
initial_evaluation: success - initial guess at point [-1.07, 6.80]
initial_evaluation: success - initial guess at point [-1.08, 6.80]
initial_evaluation: success - initial guess at point [-1.09, 6.80]
initial_evaluation: success - initial guess at point [-1.10, 6.80]
initial_evaluation: success - initial guess at point [-1.11, 6.80]
initial_evaluation: success - initial guess at point [-1.11, 6.80]
initial_evaluation: success - initial guess at point [-1.12, 6.80]
initial_evaluation: success - initial guess at point [-1.13, 6.80]
initial_evaluation: success - initial guess at point [-1.14, 6.80]
initial_evaluation: success - initial guess at point [-1.15, 6.80]
initial_evaluation: success - initial guess at point [-1.15, 6.80]
initial_evaluation: success - initial guess at point [-1.16, 6.80]
initial_evaluation: success - initial guess at point [-1.17, 6.80]
initial_evaluation: success - initial guess at point [-1.18, 6.80]
initial_evaluation: success - initial guess at point [-1.18, 6.80]
initial_evaluation: success - initial guess at point [-1.19, 6.80]
initial_evaluation: success - initial guess at point [-1.20, 6.80]
mapper_iteration_0: status - 17 points do not have valid solution.
minresid_iteration_0: success - [-0.60, 6.80] using coverages from [-0.60, 6.80]
minresid_iteration_0: success - [-0.63, 6.80] using coverages from [-0.63, 6.80]
minresid_iteration_0: success - [-0.67, 6.80] using coverages from [-0.67, 6.80]
minresid_iteration_0: success - [-0.71, 6.80] using coverages from [-0.71, 6.80]
minresid_iteration_0: success - [-0.74, 6.80] using coverages from [-0.74, 6.80]
minresid_iteration_0: success - [-0.78, 6.80] using coverages from [-0.78, 6.80]
minresid_iteration_0: success - [-0.82, 6.80] using coverages from [-0.82, 6.80]
minresid_iteration_0: success - [-0.85, 6.80] using coverages from [-0.85, 6.80]
minresid_iteration_0: success - [-0.89, 6.80] using coverages from [-0.89, 6.80]
minresid_iteration_0: success - [-0.93, 6.80] using coverages from [-0.93, 6.80]
minresid_iteration_0: success - [-0.96, 6.80] using coverages from [-0.96, 6.80]
minresid_iteration_0: success - [-1.00, 6.80] using coverages from [-1.00, 6.80]
minresid_iteration_0: success - [-1.04, 6.80] using coverages from [-1.04, 6.80]
minresid_iteration_0: success - [-1.07, 6.80] using coverages from [-1.07, 6.80]
minresid_iteration_0: success - [-1.11, 6.80] using coverages from [-1.11, 6.80]
minresid_iteration_0: success - [-1.15, 6.80] using coverages from [-1.15, 6.80]
minresid_iteration_0: success - [-1.18, 6.80] using coverages from [-1.18, 6.80]
mapper_iteration_1: status - 0 points do not have valid solution.
initial_evaluation: success - initial guess at point [-0.58, 6.80]
initial_evaluation: success - initial guess at point [-0.59, 6.80]
initial_evaluation: success - initial guess at point [-0.60, 6.80]
initial_evaluation: success - initial guess at point [-0.60, 6.80]
initial_evaluation: success - initial guess at point [-0.61, 6.80]
initial_evaluation: success - initial guess at point [-0.62, 6.80]
initial_evaluation: success - initial guess at point [-0.63, 6.80]
initial_evaluation: success - initial guess at point [-0.63, 6.80]
initial_evaluation: success - initial guess at point [-0.64, 6.80]
initial_evaluation: success - initial guess at point [-0.65, 6.80]
initial_evaluation: success - initial guess at point [-0.66, 6.80]
initial_evaluation: success - initial guess at point [-0.67, 6.80]
initial_evaluation: success - initial guess at point [-0.67, 6.80]
initial_evaluation: success - initial guess at point [-0.68, 6.80]
initial_evaluation: success - initial guess at point [-0.69, 6.80]
initial_evaluation: success - initial guess at point [-0.70, 6.80]
initial_evaluation: success - initial guess at point [-0.71, 6.80]
initial_evaluation: success - initial guess at point [-0.71, 6.80]
initial_evaluation: success - initial guess at point [-0.72, 6.80]
initial_evaluation: success - initial guess at point [-0.73, 6.80]
initial_evaluation: success - initial guess at point [-0.74, 6.80]
initial_evaluation: success - initial guess at point [-0.74, 6.80]
initial_evaluation: success - initial guess at point [-0.75, 6.80]
initial_evaluation: success - initial guess at point [-0.76, 6.80]
initial_evaluation: success - initial guess at point [-0.77, 6.80]
initial_evaluation: success - initial guess at point [-0.78, 6.80]
initial_evaluation: success - initial guess at point [-0.78, 6.80]
initial_evaluation: success - initial guess at point [-0.79, 6.80]
initial_evaluation: success - initial guess at point [-0.80, 6.80]
initial_evaluation: success - initial guess at point [-0.81, 6.80]
initial_evaluation: success - initial guess at point [-0.82, 6.80]
initial_evaluation: success - initial guess at point [-0.82, 6.80]
initial_evaluation: success - initial guess at point [-0.83, 6.80]
initial_evaluation: success - initial guess at point [-0.84, 6.80]
initial_evaluation: success - initial guess at point [-0.85, 6.80]
initial_evaluation: success - initial guess at point [-0.85, 6.80]
initial_evaluation: success - initial guess at point [-0.86, 6.80]
initial_evaluation: success - initial guess at point [-0.87, 6.80]
initial_evaluation: success - initial guess at point [-0.88, 6.80]
initial_evaluation: success - initial guess at point [-0.89, 6.80]
initial_evaluation: success - initial guess at point [-0.89, 6.80]
initial_evaluation: success - initial guess at point [-0.90, 6.80]
initial_evaluation: success - initial guess at point [-0.91, 6.80]
initial_evaluation: success - initial guess at point [-0.92, 6.80]
initial_evaluation: success - initial guess at point [-0.93, 6.80]
initial_evaluation: success - initial guess at point [-0.93, 6.80]
initial_evaluation: success - initial guess at point [-0.94, 6.80]
initial_evaluation: success - initial guess at point [-0.95, 6.80]
initial_evaluation: success - initial guess at point [-0.96, 6.80]
initial_evaluation: success - initial guess at point [-0.96, 6.80]
initial_evaluation: success - initial guess at point [-0.97, 6.80]
initial_evaluation: success - initial guess at point [-0.98, 6.80]
initial_evaluation: success - initial guess at point [-0.99, 6.80]
initial_evaluation: success - initial guess at point [-1.00, 6.80]
initial_evaluation: success - initial guess at point [-1.00, 6.80]
initial_evaluation: success - initial guess at point [-1.01, 6.80]
initial_evaluation: success - initial guess at point [-1.02, 6.80]
initial_evaluation: success - initial guess at point [-1.03, 6.80]
initial_evaluation: success - initial guess at point [-1.04, 6.80]
initial_evaluation: success - initial guess at point [-1.04, 6.80]
initial_evaluation: success - initial guess at point [-1.05, 6.80]
initial_evaluation: success - initial guess at point [-1.06, 6.80]
initial_evaluation: success - initial guess at point [-1.07, 6.80]
initial_evaluation: success - initial guess at point [-1.07, 6.80]
initial_evaluation: success - initial guess at point [-1.08, 6.80]
initial_evaluation: success - initial guess at point [-1.09, 6.80]
initial_evaluation: success - initial guess at point [-1.10, 6.80]
initial_evaluation: success - initial guess at point [-1.11, 6.80]
initial_evaluation: success - initial guess at point [-1.11, 6.80]
initial_evaluation: success - initial guess at point [-1.12, 6.80]
initial_evaluation: success - initial guess at point [-1.13, 6.80]
initial_evaluation: success - initial guess at point [-1.14, 6.80]
initial_evaluation: success - initial guess at point [-1.15, 6.80]
initial_evaluation: success - initial guess at point [-1.15, 6.80]
initial_evaluation: success - initial guess at point [-1.16, 6.80]
initial_evaluation: success - initial guess at point [-1.17, 6.80]
initial_evaluation: success - initial guess at point [-1.18, 6.80]
initial_evaluation: success - initial guess at point [-1.18, 6.80]
initial_evaluation: success - initial guess at point [-1.19, 6.80]
initial_evaluation: success - initial guess at point [-1.20, 6.80]
mapper_iteration_0: status - 17 points do not have valid solution.
minresid_iteration_0: success - [-0.60, 6.80] using coverages from [-0.60, 6.80]
minresid_iteration_0: success - [-0.63, 6.80] using coverages from [-0.63, 6.80]
minresid_iteration_0: success - [-0.67, 6.80] using coverages from [-0.67, 6.80]
minresid_iteration_0: success - [-0.71, 6.80] using coverages from [-0.71, 6.80]
minresid_iteration_0: success - [-0.74, 6.80] using coverages from [-0.74, 6.80]
minresid_iteration_0: success - [-0.78, 6.80] using coverages from [-0.78, 6.80]
minresid_iteration_0: success - [-0.82, 6.80] using coverages from [-0.82, 6.80]
minresid_iteration_0: success - [-0.85, 6.80] using coverages from [-0.85, 6.80]
minresid_iteration_0: success - [-0.89, 6.80] using coverages from [-0.89, 6.80]
minresid_iteration_0: success - [-0.93, 6.80] using coverages from [-0.93, 6.80]
minresid_iteration_0: success - [-0.96, 6.80] using coverages from [-0.96, 6.80]
minresid_iteration_0: success - [-1.00, 6.80] using coverages from [-1.00, 6.80]
minresid_iteration_0: success - [-1.04, 6.80] using coverages from [-1.04, 6.80]
minresid_iteration_0: success - [-1.07, 6.80] using coverages from [-1.07, 6.80]
minresid_iteration_0: success - [-1.11, 6.80] using coverages from [-1.11, 6.80]
minresid_iteration_0: success - [-1.15, 6.80] using coverages from [-1.15, 6.80]
minresid_iteration_0: success - [-1.18, 6.80] using coverages from [-1.18, 6.80]
mapper_iteration_1: status - 0 points do not have valid solution."""